<?xml version="1.0" encoding="UTF-8"?>
<!-- Generated by org.testng.reporters.JUnitReportReporter -->
<testsuite skipped="0" hostname="mounika-PC" name="api.demo.TC2_POST_Request" tests="1" failures="0" timestamp="07 Aug 2019 10:02:03 GMT" time="5.428" errors="1">
  <testcase name="registerCustomer" time="5.428" classname="api.demo.TC2_POST_Request">
    <error type="groovy.lang.MissingMethodException" message="No signature of method: io.restassured.path.json.config.JsonPathConfig.jackson1ObjectMapperFactory() is applicable for argument types: (io.restassured.mapper.factory.DefaultJackson1ObjectMapperFactory) values: [io.restassured.mapper.factory.DefaultJackson1ObjectMapperFactory@b549c4a]
Possible solutions: jackson1ObjectMapperFactory(), jackson1ObjectMapperFactory(io.restassured.path.json.mapper.factory.Jackson1ObjectMapperFactory), jackson2ObjectMapperFactory(), jackson2ObjectMapperFactory(io.restassured.path.json.mapper.factory.Jackson2ObjectMapperFactory)">
      <![CDATA[groovy.lang.MissingMethodException: No signature of method: io.restassured.path.json.config.JsonPathConfig.jackson1ObjectMapperFactory() is applicable for argument types: (io.restassured.mapper.factory.DefaultJackson1ObjectMapperFactory) values: [io.restassured.mapper.factory.DefaultJackson1ObjectMapperFactory@b549c4a]
Possible solutions: jackson1ObjectMapperFactory(), jackson1ObjectMapperFactory(io.restassured.path.json.mapper.factory.Jackson1ObjectMapperFactory), jackson2ObjectMapperFactory(), jackson2ObjectMapperFactory(io.restassured.path.json.mapper.factory.Jackson2ObjectMapperFactory)
	at org.codehaus.groovy.runtime.ScriptBytecodeAdapter.unwrap(ScriptBytecodeAdapter.java:58)
	at org.codehaus.groovy.runtime.callsite.PojoMetaClassSite.call(PojoMetaClassSite.java:49)
	at org.codehaus.groovy.runtime.callsite.CallSiteArray.defaultCall(CallSiteArray.java:48)
	at org.codehaus.groovy.runtime.callsite.AbstractCallSite.call(AbstractCallSite.java:113)
	at org.codehaus.groovy.runtime.callsite.AbstractCallSite.call(AbstractCallSite.java:125)
	at io.restassured.internal.RestAssuredResponseOptionsGroovyImpl.jsonPath(RestAssuredResponseOptionsGroovyImpl.groovy:358)
	at io.restassured.internal.RestAssuredResponseOptionsImpl.jsonPath(RestAssuredResponseOptionsImpl.java:176)
	at api.demo.TC2_POST_Request.registerCustomer(TC2_POST_Request.java:50)
	at sun.reflect.NativeMethodAccessorImpl.invoke0(Native Method)
	at sun.reflect.NativeMethodAccessorImpl.invoke(Unknown Source)
	at sun.reflect.DelegatingMethodAccessorImpl.invoke(Unknown Source)
	at java.lang.reflect.Method.invoke(Unknown Source)
	at org.testng.internal.MethodInvocationHelper.invokeMethod(MethodInvocationHelper.java:108)
	at org.testng.internal.Invoker.invokeMethod(Invoker.java:669)
	at org.testng.internal.Invoker.invokeTestMethod(Invoker.java:877)
	at org.testng.internal.Invoker.invokeTestMethods(Invoker.java:1201)
	at org.testng.internal.TestMethodWorker.invokeTestMethods(TestMethodWorker.java:125)
	at org.testng.internal.TestMethodWorker.run(TestMethodWorker.java:109)
	at org.testng.TestRunner.privateRun(TestRunner.java:776)
	at org.testng.TestRunner.run(TestRunner.java:634)
	at org.testng.SuiteRunner.runTest(SuiteRunner.java:425)
	at org.testng.SuiteRunner.runSequentially(SuiteRunner.java:420)
	at org.testng.SuiteRunner.privateRun(SuiteRunner.java:385)
	at org.testng.SuiteRunner.run(SuiteRunner.java:334)
	at org.testng.SuiteRunnerWorker.runSuite(SuiteRunnerWorker.java:52)
	at org.testng.SuiteRunnerWorker.run(SuiteRunnerWorker.java:86)
	at org.testng.TestNG.runSuitesSequentially(TestNG.java:1318)
	at org.testng.TestNG.runSuitesLocally(TestNG.java:1243)
	at org.testng.TestNG.runSuites(TestNG.java:1161)
	at org.testng.TestNG.run(TestNG.java:1129)
	at org.testng.remote.AbstractRemoteTestNG.run(AbstractRemoteTestNG.java:114)
	at org.testng.remote.RemoteTestNG.initAndRun(RemoteTestNG.java:251)
	at org.testng.remote.RemoteTestNG.main(RemoteTestNG.java:77)
]]>
    </error>
  </testcase> <!-- registerCustomer -->
</testsuite> <!-- api.demo.TC2_POST_Request -->
